// 重构日志: 06744676
// 重构日志: 4a1032a5
// 重构日志: f21219c4
// 同步 ID: ed9b08f1 @ Sat Jun 20 11:09:45 UTC 2026
// 重构日志: f67c7fbe
// 重构日志: ac5d6c54
// 重构日志: 3e32f697
// 同步 ID: d252325b @ Thu Jun 25 11:08:49 UTC 2026
// 重构日志: 24f800bf
// 同步 ID: 6d02d9b8 @ Sat Jun 27 13:22:05 UTC 2026
// 重构日志: 6addc882
// 重构日志: 645e834b
// 重构日志: deb2c1b9
// 重构日志: c2b6abfc
// 重构日志: 2c00ccf8
// 重构日志: 7b84d400
// 重构日志: ca691de9
// 重构日志: e8a7752e
// 重构日志: 5165fcfb
// 重构日志: 40ac04a7
// 同步 ID: 922ae4b9 @ Fri Jul  3 01:12:36 UTC 2026
// 重构日志: 4b134039
// 重构日志: 3fd92567
// 重构日志: 071ce37b
// 重构日志: 598689d1
// 同步 ID: 1ceb8975 @ Sun Jul  5 18:47:11 UTC 2026
// 同步 ID: a2635fb2 @ Mon Jul  6 17:43:53 UTC 2026
// 同步 ID: d45bb0b9 @ Tue Jul  7 13:55:15 UTC 2026
// 同步 ID: 1f402b64 @ Thu Jul  9 09:12:09 UTC 2026
// 同步 ID: c2d2a8a6 @ Sat Jul 11 04:54:08 UTC 2026
// 重构日志: 76c5498a
